17:23:46 **** Build of configuration Nios II for project nios_hmpsoc ****
make all 
Info: Building ../nios_hmpsoc_bsp/
C:/intelFPGA/18.1/nios2eds/bin/gnu/H-x86_64-mingw32/bin/make --no-print-directory -C ../nios_hmpsoc_bsp/
[BSP build complete]
Info: Compiling hello_world_small.c to obj/default/hello_world_small.o
nios2-elf-gcc -xc -MP -MMD -c -I../nios_hmpsoc_bsp//HAL/inc -I../nios_hmpsoc_bsp/ -I../nios_hmpsoc_bsp//drivers/inc  -pipe -D__hal__ -DALT_NO_C_PLUS_PLUS -DALT_NO_CLEAN_EXIT -D'exit(a)=_exit(a)' -DALT_NO_EXIT -DALT_USE_DIRECT_DRIVERS -DALT_NO_INSTRUCTION_EMULATION -DALT_USE_SMALL_DRIVERS -DSMALL_C_LIB -DALT_SINGLE_THREADED    -Os -g -Wall   -mno-hw-div -mhw-mul -mno-hw-mulx -mgpopt=global  -o obj/default/hello_world_small.o hello_world_small.c
Info: Linking nios_hmpsoc.elf
nios2-elf-g++  -T'../nios_hmpsoc_bsp//linker.x' -msys-crt0='../nios_hmpsoc_bsp//obj/HAL/src/crt0.o' -msys-lib=hal_bsp -L../nios_hmpsoc_bsp/  -msmallc  -Wl,-Map=nios_hmpsoc.map   -Os -g -Wall   -mno-hw-div -mhw-mul -mno-hw-mulx -mgpopt=global  -o nios_hmpsoc.elf obj/default/hello_world_small.o -lm -msys-lib=m
nios2-elf-insert nios_hmpsoc.elf --thread_model hal --cpu_name cpu --qsys true --simulation_enabled false --stderr_dev jtag_uart --stdin_dev jtag_uart --stdout_dev jtag_uart --sopc_system_name zoran_nios --quartus_project_dir "H:/Documents/GitHub/701-hmpsoc/HMPSoC-MORTEZA-SINNEN-ZORAN/quartus" --sopcinfo H:/Documents/GitHub/701-hmpsoc/HMPSoC-MORTEZA-SINNEN-ZORAN/quartus/software/nios_hmpsoc_bsp/../../zoran_nios.sopcinfo
Info: (nios_hmpsoc.elf) 712 Bytes program size (code + initialized data).
Info:                   19 KBytes free for stack + heap.
Info: Creating nios_hmpsoc.objdump
nios2-elf-objdump --disassemble --syms --all-header --source nios_hmpsoc.elf >nios_hmpsoc.objdump
[nios_hmpsoc build complete]
17:24:05 **** Build of configuration Nios II for project nios_hmpsoc ****
make all 
Info: Building ../nios_hmpsoc_bsp/
C:/intelFPGA/18.1/nios2eds/bin/gnu/H-x86_64-mingw32/bin/make --no-print-directory -C ../nios_hmpsoc_bsp/
[BSP build complete]
[nios_hmpsoc build complete]
17:24:06 **** Incremental Build of configuration Nios II for project nios_hmpsoc ****
make all 
Info: Building ../nios_hmpsoc_bsp/
C:/intelFPGA/18.1/nios2eds/bin/gnu/H-x86_64-mingw32/bin/make --no-print-directory -C ../nios_hmpsoc_bsp/
[BSP build complete]
[nios_hmpsoc build complete]
17:24:31 **** Incremental Build of configuration Nios II for project nios_hmpsoc ****
make all 
Info: Building ../nios_hmpsoc_bsp/
C:/intelFPGA/18.1/nios2eds/bin/gnu/H-x86_64-mingw32/bin/make --no-print-directory -C ../nios_hmpsoc_bsp/
[BSP build complete]
[nios_hmpsoc build complete]
17:25:36 **** Incremental Build of configuration Nios II for project nios_hmpsoc ****
make all 
Info: Building ../nios_hmpsoc_bsp/
C:/intelFPGA/18.1/nios2eds/bin/gnu/H-x86_64-mingw32/bin/make --no-print-directory -C ../nios_hmpsoc_bsp/
[BSP build complete]
[nios_hmpsoc build complete]
17:26:04 **** Incremental Build of configuration Nios II for project nios_hmpsoc ****
make all 
Info: Building ../nios_hmpsoc_bsp/
C:/intelFPGA/18.1/nios2eds/bin/gnu/H-x86_64-mingw32/bin/make --no-print-directory -C ../nios_hmpsoc_bsp/
[BSP build complete]
[nios_hmpsoc build complete]
17:26:24 **** Incremental Build of configuration Nios II for project nios_hmpsoc ****
make all 
Info: Building ../nios_hmpsoc_bsp/
C:/intelFPGA/18.1/nios2eds/bin/gnu/H-x86_64-mingw32/bin/make --no-print-directory -C ../nios_hmpsoc_bsp/
[BSP build complete]
[nios_hmpsoc build complete]
